{
  "RSpec": {
    "coverage": {
      "/Users/anna/Documents/projects/oyster/oystercard1/spec/oystercard_feature_spec.rb": [
        1,
        null,
        1,
        null
      ],
      "/Users/anna/Documents/projects/oyster/oystercard1/lib/oystercard.rb": [
        1,
        1,
        1,
        1,
        1,
        1,
        1,
        1,
        null,
        1,
        11,
        11,
        11,
        11,
        11,
        null,
        null,
        1,
        2,
        null,
        1,
        null,
        null,
        1,
        5,
        null,
        null,
        1,
        6,
        5,
        null,
        4,
        null,
        null,
        1,
        3,
        null,
        2,
        2,
        2,
        null,
        null,
        1,
        3,
        3,
        3,
        3,
        3,
        3,
        null,
        null,
        1,
        1,
        null,
        null,
        1,
        null,
        1,
        9,
        null,
        null,
        1,
        5,
        null,
        null
      ],
      "/Users/anna/Documents/projects/oyster/oystercard1/spec/oystercard_spec.rb": [
        1,
        1,
        null,
        1,
        1,
        1,
        1,
        null,
        null,
        1,
        1,
        1,
        null,
        null,
        1,
        1,
        2,
        null,
        null,
        null,
        1,
        1,
        1,
        1,
        null,
        null,
        null,
        1,
        null,
        1,
        1,
        1,
        null,
        null,
        1,
        1,
        3,
        3,
        null,
        null,
        1,
        1,
        null,
        null,
        1,
        1,
        1,
        null,
        null,
        1,
        2,
        null,
        null,
        null,
        1,
        1,
        3,
        null,
        null,
        1,
        1,
        2,
        null,
        null,
        1,
        2,
        null,
        null,
        1,
        1,
        1,
        null,
        null,
        null,
        null
      ]
    },
    "timestamp": 1559906194
  }
}
